2018/03/16 09:50:19 [error] [exception.CHttpException.403] CHttpException: You are not allowed to access this page. in /data/www/framework/gii/GiiModule.php:170
Stack trace:
#0 /data/www/framework/web/CController.php(263): GiiModule->beforeControllerAction(Object(DefaultController), Object(CInlineAction))
#1 /data/www/framework/web/CWebApplication.php(282): CController->run('')
#2 /data/www/framework/web/CWebApplication.php(141): CWebApplication->runController('gii')
#3 /data/www/framework/base/CApplication.php(185): CWebApplication->processRequest()
#4 /data/www/filmes/index.php(13): CApplication->run()
#5 {main}
REQUEST_URI=/filmes/index.php/gii
---
2018/03/16 10:00:55 [error] [exception.CException] CException: Property "CDbConnection.components" is not defined. in /data/www/framework/base/CComponent.php:173
Stack trace:
#0 /data/www/framework/YiiBase.php(220): CComponent->__set('components', Array)
#1 /data/www/framework/base/CModule.php(393): YiiBase::createComponent(Array)
#2 /data/www/framework/base/CModule.php(103): CModule->getComponent('db')
#3 /data/www/framework/gii/generators/crud/CrudCode.php(44): CModule->__get('db')
#4 /data/www/framework/web/CFormModel.php(39): CrudCode->init()
#5 /data/www/framework/gii/CCodeGenerator.php(153): CFormModel->__construct()
#6 /data/www/framework/gii/CCodeGenerator.php(63): CCodeGenerator->prepare()
#7 /data/www/framework/web/actions/CInlineAction.php(49): CCodeGenerator->actionIndex()
#8 /data/www/framework/web/CController.php(308): CInlineAction->runWithParams(Array)
#9 /data/www/framework/web/CController.php(286): CController->runAction(Object(CInlineAction))
#10 /data/www/framework/web/CController.php(265): CController->runActionWithFilters(Object(CInlineAction), Array)
#11 /data/www/framework/web/CWebApplication.php(282): CController->run('index')
#12 /data/www/framework/web/CWebApplication.php(141): CWebApplication->runController('gii/crud/index')
#13 /data/www/framework/base/CApplication.php(185): CWebApplication->processRequest()
#14 /data/www/filmes/index.php(15): CApplication->run()
#15 {main}
REQUEST_URI=/filmes/index.php/gii/crud/index
HTTP_REFERER=http://localhost/filmes/index.php/gii/default/index
---
2018/03/16 10:02:41 [error] [exception.CException] CException: Property "CDbConnection.components" is not defined. in /data/www/framework/base/CComponent.php:173
Stack trace:
#0 /data/www/framework/YiiBase.php(220): CComponent->__set('components', Array)
#1 /data/www/framework/base/CModule.php(393): YiiBase::createComponent(Array)
#2 /data/www/framework/base/CModule.php(103): CModule->getComponent('db')
#3 /data/www/framework/gii/generators/crud/CrudCode.php(44): CModule->__get('db')
#4 /data/www/framework/web/CFormModel.php(39): CrudCode->init()
#5 /data/www/framework/gii/CCodeGenerator.php(153): CFormModel->__construct()
#6 /data/www/framework/gii/CCodeGenerator.php(63): CCodeGenerator->prepare()
#7 /data/www/framework/web/actions/CInlineAction.php(49): CCodeGenerator->actionIndex()
#8 /data/www/framework/web/CController.php(308): CInlineAction->runWithParams(Array)
#9 /data/www/framework/web/CController.php(286): CController->runAction(Object(CInlineAction))
#10 /data/www/framework/web/CController.php(265): CController->runActionWithFilters(Object(CInlineAction), Array)
#11 /data/www/framework/web/CWebApplication.php(282): CController->run('index')
#12 /data/www/framework/web/CWebApplication.php(141): CWebApplication->runController('gii/crud/index')
#13 /data/www/framework/base/CApplication.php(185): CWebApplication->processRequest()
#14 /data/www/filmes/index.php(15): CApplication->run()
#15 {main}
REQUEST_URI=/filmes/index.php/gii/crud/index
HTTP_REFERER=http://localhost/filmes/index.php/gii/default/index
---
2018/03/16 10:03:28 [error] [exception.CDbException] CDbException: CDbConnection.connectionString cannot be empty. in /data/www/framework/db/CDbConnection.php:387
Stack trace:
#0 /data/www/framework/db/CDbConnection.php(347): CDbConnection->open()
#1 /data/www/framework/db/CDbConnection.php(325): CDbConnection->setActive(true)
#2 /data/www/framework/base/CModule.php(394): CDbConnection->init()
#3 /data/www/framework/base/CModule.php(103): CModule->getComponent('db')
#4 /data/www/framework/gii/generators/crud/CrudCode.php(44): CModule->__get('db')
#5 /data/www/framework/web/CFormModel.php(39): CrudCode->init()
#6 /data/www/framework/gii/CCodeGenerator.php(153): CFormModel->__construct()
#7 /data/www/framework/gii/CCodeGenerator.php(63): CCodeGenerator->prepare()
#8 /data/www/framework/web/actions/CInlineAction.php(49): CCodeGenerator->actionIndex()
#9 /data/www/framework/web/CController.php(308): CInlineAction->runWithParams(Array)
#10 /data/www/framework/web/CController.php(286): CController->runAction(Object(CInlineAction))
#11 /data/www/framework/web/CController.php(265): CController->runActionWithFilters(Object(CInlineAction), Array)
#12 /data/www/framework/web/CWebApplication.php(282): CController->run('index')
#13 /data/www/framework/web/CWebApplication.php(141): CWebApplication->runController('gii/crud/index')
#14 /data/www/framework/base/CApplication.php(185): CWebApplication->processRequest()
#15 /data/www/filmes/index.php(15): CApplication->run()
#16 {main}
REQUEST_URI=/filmes/index.php/gii/crud/index
HTTP_REFERER=http://localhost/filmes/index.php/gii/default/index
---
2018/03/16 10:17:38 [error] [exception.CHttpException.404] CHttpException: Unable to resolve the request "tblUser]". in /data/www/framework/web/CWebApplication.php:286
Stack trace:
#0 /data/www/framework/web/CWebApplication.php(141): CWebApplication->runController('tblUser]')
#1 /data/www/framework/base/CApplication.php(185): CWebApplication->processRequest()
#2 /data/www/filmes/index.php(15): CApplication->run()
#3 {main}
REQUEST_URI=/filmes/index.php/tblUser]
---
